Compiled jquery.js  (6ms)  (pid 7412)
Compiled jquery_ujs.js  (0ms)  (pid 7412)
Compiled admins.js  (1193ms)  (pid 7412)
Compiled home.js  (176ms)  (pid 7412)
Compiled products.js  (193ms)  (pid 7412)
Compiled application.js  (1651ms)  (pid 7412)
Compiled jquery.js  (8ms)  (pid 8172)
Compiled jquery_ujs.js  (0ms)  (pid 8172)
Compiled admins.js  (212ms)  (pid 8172)
Compiled home.js  (170ms)  (pid 8172)
Compiled products.js  (169ms)  (pid 8172)
Compiled application.js  (659ms)  (pid 8172)
Compiled admins.js  (229ms)  (pid 7200)
Compiled jquery.js  (7ms)  (pid 7200)
Compiled jquery_ujs.js  (0ms)  (pid 7200)
Compiled home.js  (196ms)  (pid 7200)
Compiled products.js  (167ms)  (pid 7200)
Compiled application.js  (439ms)  (pid 7200)
Compiled jquery.js  (9ms)  (pid 4220)
Compiled jquery_ujs.js  (0ms)  (pid 4220)
Compiled admins.js  (235ms)  (pid 4220)
Compiled home.js  (175ms)  (pid 4220)
Compiled products.js  (177ms)  (pid 4220)
Compiled application.js  (719ms)  (pid 4220)
Compiled jquery.js  (8ms)  (pid 7584)
Compiled jquery_ujs.js  (0ms)  (pid 7584)
Compiled admins.js  (225ms)  (pid 7584)
Compiled home.js  (173ms)  (pid 7584)
Compiled products.js  (171ms)  (pid 7584)
Compiled application.js  (678ms)  (pid 7584)
Compiled jquery.js  (27ms)  (pid 7576)
Compiled jquery_ujs.js  (0ms)  (pid 7576)
Compiled admins.js  (592ms)  (pid 7576)
Compiled home.js  (191ms)  (pid 7576)
Compiled products.js  (176ms)  (pid 7576)
Compiled application.js  (1070ms)  (pid 7576)
Compiled application.js  (0ms)  (pid 5752)
Compiled application.js  (1ms)  (pid 4280)
Compiled application.js  (0ms)  (pid 6056)
Compiled application.js  (0ms)  (pid 7156)
Compiled application.js  (0ms)  (pid 7128)
Compiled application.js  (0ms)  (pid 7820)
Compiled application.js  (0ms)  (pid 7876)
Compiled application.js  (1ms)  (pid 6172)
Compiled application.js  (0ms)  (pid 6952)
Compiled application.js  (0ms)  (pid 6556)
Compiled admins.js  (277ms)  (pid 2428)
Compiled application.js  (1ms)  (pid 2428)
Compiled home.js  (191ms)  (pid 2428)
Compiled products.js  (174ms)  (pid 2428)
Compiled application.js  (0ms)  (pid 6932)
Compiled application.js  (0ms)  (pid 6548)
Compiled application.css  (0ms)  (pid 6548)
Compiled application.js  (1ms)  (pid 6712)
Compiled application.css  (0ms)  (pid 6712)
Compiled jquery.js  (8ms)  (pid 7792)
Compiled jquery_ujs.js  (0ms)  (pid 7792)
Compiled admins.js  (239ms)  (pid 7792)
Compiled home.js  (170ms)  (pid 7792)
Compiled products.js  (181ms)  (pid 7792)
Compiled application.js  (752ms)  (pid 7792)
Compiled jquery.js  (8ms)  (pid 1920)
Compiled jquery_ujs.js  (0ms)  (pid 1920)
Compiled admins.js  (229ms)  (pid 1920)
Compiled home.js  (169ms)  (pid 1920)
Compiled products.js  (193ms)  (pid 1920)
Compiled application.js  (685ms)  (pid 1920)
Compiled jquery.js  (7ms)  (pid 7596)
Compiled jquery_ujs.js  (0ms)  (pid 7596)
Compiled admins.js  (229ms)  (pid 7596)
Compiled home.js  (179ms)  (pid 7596)
Compiled products.js  (197ms)  (pid 7596)
Compiled application.js  (695ms)  (pid 7596)
Compiled application.css  (0ms)  (pid 7596)
Compiled jquery.js  (7ms)  (pid 8172)
Compiled jquery_ujs.js  (0ms)  (pid 8172)
Compiled admins.js  (227ms)  (pid 8172)
Compiled home.js  (174ms)  (pid 8172)
Compiled products.js  (192ms)  (pid 8172)
Compiled application.js  (683ms)  (pid 8172)
Compiled application.css  (0ms)  (pid 8172)
Compiled jquery.js  (8ms)  (pid 5584)
Compiled jquery_ujs.js  (1ms)  (pid 5584)
Compiled admins.js  (233ms)  (pid 5584)
Compiled home.js  (180ms)  (pid 5584)
Compiled products.js  (198ms)  (pid 5584)
Compiled application.js  (702ms)  (pid 5584)
Compiled application.css  (1ms)  (pid 5584)
Compiled jquery.js  (8ms)  (pid 7360)
Compiled jquery_ujs.js  (0ms)  (pid 7360)
Compiled admins.js  (237ms)  (pid 7360)
Compiled home.js  (174ms)  (pid 7360)
Compiled products.js  (199ms)  (pid 7360)
Compiled application.js  (704ms)  (pid 7360)
Compiled application.css  (0ms)  (pid 7360)
Compiled jquery.js  (7ms)  (pid 7912)
Compiled jquery_ujs.js  (0ms)  (pid 7912)
Compiled admins.js  (226ms)  (pid 7912)
Compiled home.js  (171ms)  (pid 7912)
Compiled products.js  (191ms)  (pid 7912)
Compiled application.js  (677ms)  (pid 7912)
Compiled application.css  (0ms)  (pid 7912)
Compiled jquery.js  (7ms)  (pid 2504)
Compiled jquery_ujs.js  (0ms)  (pid 2504)
Compiled admins.js  (229ms)  (pid 2504)
Compiled home.js  (174ms)  (pid 2504)
Compiled products.js  (193ms)  (pid 2504)
Compiled application.js  (686ms)  (pid 2504)
Compiled application.css  (0ms)  (pid 2504)
Compiled jquery.js  (7ms)  (pid 6228)
Compiled jquery_ujs.js  (0ms)  (pid 6228)
Compiled admins.js  (233ms)  (pid 6228)
Compiled home.js  (184ms)  (pid 6228)
Compiled products.js  (206ms)  (pid 6228)
Compiled application.js  (715ms)  (pid 6228)
Compiled application.css  (0ms)  (pid 6228)
Compiled jquery.js  (7ms)  (pid 7976)
Compiled jquery_ujs.js  (0ms)  (pid 7976)
Compiled admins.js  (235ms)  (pid 7976)
Compiled home.js  (187ms)  (pid 7976)
Compiled products.js  (225ms)  (pid 7976)
Compiled application.js  (741ms)  (pid 7976)
Compiled application.css  (0ms)  (pid 7976)
Compiled jquery.js  (33ms)  (pid 6820)
Compiled jquery_ujs.js  (0ms)  (pid 6820)
Compiled admins.js  (213ms)  (pid 6820)
Compiled categories.js  (205ms)  (pid 6820)
Compiled home.js  (171ms)  (pid 6820)
Compiled jquery.ui.datepicker.js  (3ms)  (pid 6820)
Compiled products.js  (392ms)  (pid 6820)
Compiled application.js  (1113ms)  (pid 6820)
Compiled application.css  (0ms)  (pid 6820)
Compiled jquery-ui.js  (11ms)  (pid 6820)
Compiled jquery.js  (7ms)  (pid 6928)
Compiled jquery_ujs.js  (1ms)  (pid 6928)
Compiled admins.js  (354ms)  (pid 6928)
Compiled categories.js  (189ms)  (pid 6928)
Compiled home.js  (196ms)  (pid 6928)
Compiled jquery.ui.datepicker.js  (1ms)  (pid 6928)
Compiled products.js  (380ms)  (pid 6928)
Compiled application.js  (1276ms)  (pid 6928)
Compiled application.css  (0ms)  (pid 6928)
Compiled jquery-ui.js  (10ms)  (pid 6928)
